<?xml version="1.0" encoding="UTF-8"?>
<!-- Generated by org.testng.reporters.JUnitXMLReporter -->
<testsuite ignored="0" hostname="VIGNESH" failures="0" tests="4" name="TestNg" time="40.744" errors="0" timestamp="2023-06-22T00:18:40 EDT">
  <testcase classname="testlayer.LoginTest" name="Title" time="3.29"/>
  <testcase classname="testlayer.LoginTest" name="Login" time="3.999"/>
  <testcase classname="testlayer.LoginTest" name="Login" time="3.905"/>
  <testcase classname="testlayer.LoginTest" name="Login" time="3.784"/>
</testsuite> <!-- TestNg -->
