<?xml version="1.0" encoding="UTF-8"?>
<!-- Generated by org.testng.reporters.JUnitXMLReporter -->
<testsuite ignored="0" hostname="VIGNESH" failures="0" tests="4" name="Default test" time="41.005" errors="0" timestamp="2023-06-22T00:01:28 EDT">
  <testcase classname="testlayer.LoginTest" name="Title" time="3.295"/>
  <testcase classname="testlayer.LoginTest" name="Login" time="4.187"/>
  <testcase classname="testlayer.LoginTest" name="Login" time="3.878"/>
  <testcase classname="testlayer.LoginTest" name="Login" time="3.912"/>
</testsuite> <!-- Default test -->
