<?xml version="1.0" encoding="UTF-8"?>
<testng-results ignored="0" total="4" passed="4" failed="0" skipped="0">
  <reporter-output>
  </reporter-output>
  <suite started-at="2023-06-22T00:17:59 EDT" name="OrangeHRM" finished-at="2023-06-22T00:18:40 EDT" duration-ms="40744">
    <groups>
    </groups>
    <test started-at="2023-06-22T00:17:59 EDT" name="TestNg" finished-at="2023-06-22T00:18:40 EDT" duration-ms="40744">
      <class name="testlayer.LoginTest">
        <test-method is-config="true" signature="initsetup()[pri:0, instance:testlayer.LoginTest@2a65fe7c]" started-at="2023-06-22T00:17:59 EDT" name="initsetup" finished-at="2023-06-22T00:18:06 EDT" duration-ms="7103" status="PASS">
          <reporter-output>
          </reporter-output>
        </test-method> <!-- initsetup -->
        <test-method signature="Title()[pri:1, instance:testlayer.LoginTest@2a65fe7c]" started-at="2023-06-22T00:18:06 EDT" name="Title" finished-at="2023-06-22T00:18:10 EDT" duration-ms="3290" status="PASS">
          <reporter-output>
          </reporter-output>
        </test-method> <!-- Title -->
        <test-method is-config="true" signature="close()[pri:0, instance:testlayer.LoginTest@2a65fe7c]" started-at="2023-06-22T00:18:10 EDT" name="close" finished-at="2023-06-22T00:18:10 EDT" duration-ms="153" status="PASS">
          <reporter-output>
          </reporter-output>
        </test-method> <!-- close -->
        <test-method is-config="true" signature="initsetup()[pri:0, instance:testlayer.LoginTest@2a65fe7c]" started-at="2023-06-22T00:18:12 EDT" name="initsetup" finished-at="2023-06-22T00:18:17 EDT" duration-ms="5350" status="PASS">
          <reporter-output>
          </reporter-output>
        </test-method> <!-- initsetup -->
        <test-method signature="Login(java.lang.String,java.lang.String)[pri:2, instance:testlayer.LoginTest@2a65fe7c]" started-at="2023-06-22T00:18:17 EDT" name="Login" data-provider="Details" finished-at="2023-06-22T00:18:21 EDT" duration-ms="3999" status="PASS">
          <params>
            <param index="0">
              <value>
                <![CDATA[Admin]]>
              </value>
            </param>
            <param index="1">
              <value>
                <![CDATA[admin123]]>
              </value>
            </param>
          </params>
          <reporter-output>
          </reporter-output>
        </test-method> <!-- Login -->
        <test-method is-config="true" signature="close()[pri:0, instance:testlayer.LoginTest@2a65fe7c]" started-at="2023-06-22T00:18:21 EDT" name="close" finished-at="2023-06-22T00:18:21 EDT" duration-ms="85" status="PASS">
          <reporter-output>
          </reporter-output>
        </test-method> <!-- close -->
        <test-method is-config="true" signature="initsetup()[pri:0, instance:testlayer.LoginTest@2a65fe7c]" started-at="2023-06-22T00:18:21 EDT" name="initsetup" finished-at="2023-06-22T00:18:27 EDT" duration-ms="5691" status="PASS">
          <reporter-output>
          </reporter-output>
        </test-method> <!-- initsetup -->
        <test-method signature="Login(java.lang.String,java.lang.String)[pri:2, instance:testlayer.LoginTest@2a65fe7c]" started-at="2023-06-22T00:18:27 EDT" name="Login" data-provider="Details" finished-at="2023-06-22T00:18:31 EDT" duration-ms="3905" status="PASS">
          <params>
            <param index="0">
              <value>
                <![CDATA[Admin]]>
              </value>
            </param>
            <param index="1">
              <value>
                <![CDATA[abcd]]>
              </value>
            </param>
          </params>
          <reporter-output>
          </reporter-output>
        </test-method> <!-- Login -->
        <test-method is-config="true" signature="close()[pri:0, instance:testlayer.LoginTest@2a65fe7c]" started-at="2023-06-22T00:18:31 EDT" name="close" finished-at="2023-06-22T00:18:31 EDT" duration-ms="166" status="PASS">
          <reporter-output>
          </reporter-output>
        </test-method> <!-- close -->
        <test-method is-config="true" signature="initsetup()[pri:0, instance:testlayer.LoginTest@2a65fe7c]" started-at="2023-06-22T00:18:31 EDT" name="initsetup" finished-at="2023-06-22T00:18:36 EDT" duration-ms="5115" status="PASS">
          <reporter-output>
          </reporter-output>
        </test-method> <!-- initsetup -->
        <test-method signature="Login(java.lang.String,java.lang.String)[pri:2, instance:testlayer.LoginTest@2a65fe7c]" started-at="2023-06-22T00:18:36 EDT" name="Login" data-provider="Details" finished-at="2023-06-22T00:18:40 EDT" duration-ms="3784" status="PASS">
          <params>
            <param index="0">
              <value>
                <![CDATA[Admin]]>
              </value>
            </param>
            <param index="1">
              <value>
                <![CDATA[1234.0]]>
              </value>
            </param>
          </params>
          <reporter-output>
          </reporter-output>
        </test-method> <!-- Login -->
        <test-method is-config="true" signature="close()[pri:0, instance:testlayer.LoginTest@2a65fe7c]" started-at="2023-06-22T00:18:40 EDT" name="close" finished-at="2023-06-22T00:18:40 EDT" duration-ms="142" status="PASS">
          <reporter-output>
          </reporter-output>
        </test-method> <!-- close -->
      </class> <!-- testlayer.LoginTest -->
    </test> <!-- TestNg -->
  </suite> <!-- OrangeHRM -->
</testng-results>
